This is pdfTeX, Version 3.1415926-2.5-1.40.14 (TeX Live 2013/Debian) (format=pdflatex 2015.12.3)  6 DEC 2015 03:36
entering extended mode
 restricted \write18 enabled.
 %&-line parsing enabled.
**paper.tex
(./paper.tex
LaTeX2e <2011/06/27>
Babel <3.9h> and hyphenation patterns for 78 languages loaded.
(./llncs_2.cls

LaTeX Warning: You have requested document class `llncs_2',
               but the document class provides `llncs'.

Document Class: llncs 2002/01/28 v2.13 
 LaTeX document class for Lecture Notes in Computer Science
(/usr/share/texlive/texmf-dist/tex/latex/base/article.cls
Document Class: article 2007/10/19 v1.4h Standard LaTeX document class
(/usr/share/texlive/texmf-dist/tex/latex/base/size10.clo
File: size10.clo 2007/10/19 v1.4h Standard LaTeX file (size option)
)
\c@part=\count79
\c@section=\count80
\c@subsection=\count81
\c@subsubsection=\count82
\c@paragraph=\count83
\c@subparagraph=\count84
\c@figure=\count85
\c@table=\count86
\abovecaptionskip=\skip41
\belowcaptionskip=\skip42
\bibindent=\dimen102
)
(/usr/share/texlive/texmf-dist/tex/latex/tools/multicol.sty
Package: multicol 2011/06/27 v1.7a multicolumn formatting (FMi)
\c@tracingmulticols=\count87
\mult@box=\box26
\multicol@leftmargin=\dimen103
\c@unbalance=\count88
\c@collectmore=\count89
\doublecol@number=\count90
\multicoltolerance=\count91
\multicolpretolerance=\count92
\full@width=\dimen104
\page@free=\dimen105
\premulticols=\dimen106
\postmulticols=\dimen107
\multicolsep=\skip43
\multicolbaselineskip=\skip44
\partial@page=\box27
\last@line=\box28
\mult@rightbox=\box29
\mult@grightbox=\box30
\mult@gfirstbox=\box31
\mult@firstbox=\box32
\@tempa=\box33
\@tempa=\box34
\@tempa=\box35
\@tempa=\box36
\@tempa=\box37
\@tempa=\box38
\@tempa=\box39
\@tempa=\box40
\@tempa=\box41
\@tempa=\box42
\@tempa=\box43
\@tempa=\box44
\@tempa=\box45
\@tempa=\box46
\@tempa=\box47
\@tempa=\box48
\@tempa=\box49
\c@columnbadness=\count93
\c@finalcolumnbadness=\count94
\last@try=\dimen108
\multicolovershoot=\dimen109
\multicolundershoot=\dimen110
\mult@nat@firstbox=\box50
\colbreak@box=\box51
\multicol@sort@counter=\count95
)
\c@chapter=\count96
LaTeX Font Info:    Redeclaring math symbol \Gamma on input line 360.
LaTeX Font Info:    Redeclaring math symbol \Delta on input line 361.
LaTeX Font Info:    Redeclaring math symbol \Theta on input line 362.
LaTeX Font Info:    Redeclaring math symbol \Lambda on input line 363.
LaTeX Font Info:    Redeclaring math symbol \Xi on input line 364.
LaTeX Font Info:    Redeclaring math symbol \Pi on input line 365.
LaTeX Font Info:    Redeclaring math symbol \Sigma on input line 366.
LaTeX Font Info:    Redeclaring math symbol \Upsilon on input line 367.
LaTeX Font Info:    Redeclaring math symbol \Phi on input line 368.
LaTeX Font Info:    Redeclaring math symbol \Psi on input line 369.
LaTeX Font Info:    Redeclaring math symbol \Omega on input line 370.
\tocchpnum=\dimen111
\tocsecnum=\dimen112
\tocsectotal=\dimen113
\tocsubsecnum=\dimen114
\tocsubsectotal=\dimen115
\tocsubsubsecnum=\dimen116
\tocsubsubsectotal=\dimen117
\tocparanum=\dimen118
\tocparatotal=\dimen119
\tocsubparanum=\dimen120
\@tempcntc=\count97
\fnindent=\dimen121
\c@@inst=\count98
\c@@auth=\count99
\c@auco=\count100
\instindent=\dimen122
\authrun=\box52
\authorrunning=\toks14
\tocauthor=\toks15
\titrun=\box53
\titlerunning=\toks16
\toctitle=\toks17
\c@theorem=\count101
\c@case=\count102
\c@conjecture=\count103
\c@corollary=\count104
\c@definition=\count105
\c@example=\count106
\c@exercise=\count107
\c@lemma=\count108
\c@note=\count109
\c@problem=\count110
\c@property=\count111
\c@proposition=\count112
\c@question=\count113
\c@solution=\count114
\c@remark=\count115
\headlineindent=\dimen123
)
(/usr/share/texlive/texmf-dist/tex/latex/graphics/graphicx.sty
Package: graphicx 1999/02/16 v1.0f Enhanced LaTeX Graphics (DPC,SPQR)

(/usr/share/texlive/texmf-dist/tex/latex/graphics/keyval.sty
Package: keyval 1999/03/16 v1.13 key=value parser (DPC)
\KV@toks@=\toks18
)
(/usr/share/texlive/texmf-dist/tex/latex/graphics/graphics.sty
Package: graphics 2009/02/05 v1.0o Standard LaTeX Graphics (DPC,SPQR)

(/usr/share/texlive/texmf-dist/tex/latex/graphics/trig.sty
Package: trig 1999/03/16 v1.09 sin cos tan (DPC)
)
(/usr/share/texlive/texmf-dist/tex/latex/latexconfig/graphics.cfg
File: graphics.cfg 2010/04/23 v1.9 graphics configuration of TeX Live
)
Package graphics Info: Driver file: pdftex.def on input line 91.

(/usr/share/texlive/texmf-dist/tex/latex/pdftex-def/pdftex.def
File: pdftex.def 2011/05/27 v0.06d Graphics/color for pdfTeX

(/usr/share/texlive/texmf-dist/tex/generic/oberdiek/infwarerr.sty
Package: infwarerr 2010/04/08 v1.3 Providing info/warning/error messages (HO)
)
(/usr/share/texlive/texmf-dist/tex/generic/oberdiek/ltxcmds.sty
Package: ltxcmds 2011/11/09 v1.22 LaTeX kernel commands for general use (HO)
)
\Gread@gobject=\count116
))
\Gin@req@height=\dimen124
\Gin@req@width=\dimen125
)
(/usr/share/texlive/texmf-dist/tex/latex/placeins/placeins.sty
Package: placeins 2005/04/18  v 2.2
)
(/usr/share/texlive/texmf-dist/tex/latex/fancyvrb/fancyvrb.sty
Package: fancyvrb 2008/02/07

Style option: `fancyvrb' v2.7a, with DG/SPQR fixes, and firstline=lastline fix 
<2008/02/07> (tvz)
\FV@CodeLineNo=\count117
\FV@InFile=\read1
\FV@TabBox=\box54
\c@FancyVerbLine=\count118
\FV@StepNumber=\count119
\FV@OutFile=\write3
)
(/usr/share/texlive/texmf-dist/tex/latex/caption/caption2.sty
Package: caption2 2013/02/03 v2.2-62 Customising captions (AR)


Package caption2 Warning: ****************************************************
(caption2)                THIS PACKAGE IS OBSOLETE:
(caption2)                This package attempts to provide an `caption2'
(caption2)                package v2.0/2.1 author environment so that OLD
(caption2)                documents can be successfully processed. It should
(caption2)                NOT be used for NEW documents! New documents should
(caption2)                use the regular `caption' package v3.x instead.
(caption2)                ****************************************************

(/usr/share/texlive/texmf-dist/tex/latex/caption/caption3.sty
Package: caption3 2013/05/02 v1.6-88 caption3 kernel (AR)
Package caption3 Info: TeX engine: e-TeX on input line 57.
\captionmargin=\dimen126
\captionmargin@=\dimen127
\captionwidth=\dimen128
\caption@tempdima=\dimen129
\caption@indent=\dimen130
\caption@parindent=\dimen131
\caption@hangindent=\dimen132
Package caption Info: Unknown document class (or package),
(caption)             standard defaults will be used.
)
Package caption2 Info: Running in caption2 v2.0 compatibility mode on input lin
e 215.
\captionlinewidth=\dimen133
\realcaptionwidth=\dimen134
)
(/usr/share/texlive/texmf-dist/tex/latex/amsfonts/amssymb.sty
Package: amssymb 2013/01/14 v3.01 AMS font symbols

(/usr/share/texlive/texmf-dist/tex/latex/amsfonts/amsfonts.sty
Package: amsfonts 2013/01/14 v3.01 Basic AMSFonts support
\@emptytoks=\toks19
\symAMSa=\mathgroup4
\symAMSb=\mathgroup5
LaTeX Font Info:    Overwriting math alphabet `\mathfrak' in version `bold'
(Font)                  U/euf/m/n --> U/euf/b/n on input line 106.
))
(/usr/share/texlive/texmf-dist/tex/latex/amsmath/amsmath.sty
Package: amsmath 2013/01/14 v2.14 AMS math features
\@mathmargin=\skip45

For additional information on amsmath, use the `?' option.
(/usr/share/texlive/texmf-dist/tex/latex/amsmath/amstext.sty
Package: amstext 2000/06/29 v2.01

(/usr/share/texlive/texmf-dist/tex/latex/amsmath/amsgen.sty
File: amsgen.sty 1999/11/30 v2.0
\@emptytoks=\toks20
\ex@=\dimen135
))
(/usr/share/texlive/texmf-dist/tex/latex/amsmath/amsbsy.sty
Package: amsbsy 1999/11/29 v1.2d
\pmbraise@=\dimen136
)
(/usr/share/texlive/texmf-dist/tex/latex/amsmath/amsopn.sty
Package: amsopn 1999/12/14 v2.01 operator names
)
\inf@bad=\count120
LaTeX Info: Redefining \frac on input line 210.
\uproot@=\count121
\leftroot@=\count122
LaTeX Info: Redefining \overline on input line 306.
\classnum@=\count123
\DOTSCASE@=\count124
LaTeX Info: Redefining \ldots on input line 378.
LaTeX Info: Redefining \dots on input line 381.
LaTeX Info: Redefining \cdots on input line 466.
\Mathstrutbox@=\box55
\strutbox@=\box56
\big@size=\dimen137
LaTeX Font Info:    Redeclaring font encoding OML on input line 566.
LaTeX Font Info:    Redeclaring font encoding OMS on input line 567.


Package amsmath Warning: Unable to redefine math accent \vec.

\macc@depth=\count125
\c@MaxMatrixCols=\count126
\dotsspace@=\muskip10
\c@parentequation=\count127
\dspbrk@lvl=\count128
\tag@help=\toks21
\row@=\count129
\column@=\count130
\maxfields@=\count131
\andhelp@=\toks22
\eqnshift@=\dimen138
\alignsep@=\dimen139
\tagshift@=\dimen140
\tagwidth@=\dimen141
\totwidth@=\dimen142
\lineht@=\dimen143
\@envbody=\toks23
\multlinegap=\skip46
\multlinetaggap=\skip47
\mathdisplay@stack=\toks24
LaTeX Info: Redefining \[ on input line 2665.
LaTeX Info: Redefining \] on input line 2666.
) (/usr/share/texlive/texmf-dist/tex/latex/comment/comment.sty
\CommentStream=\write4

Excluding comment 'comment')
(/usr/share/texlive/texmf-dist/tex/latex/tools/hhline.sty
Package: hhline 1994/05/23 v2.03 Table rule package (DPC)
)
(/usr/share/texlive/texmf-dist/tex/latex/algorithm2e/algorithm2e.sty
Package: algorithm2e 2013/01/06 v5.00 algorithms environments
\c@AlgoLine=\count132

(/usr/share/texlive/texmf-dist/tex/latex/base/ifthen.sty
Package: ifthen 2001/05/26 v1.1c Standard LaTeX ifthen package (DPC)
)
(/usr/share/texlive/texmf-dist/tex/latex/tools/xspace.sty
Package: xspace 2009/10/20 v1.13 Space after command names (DPC,MH)
)
(/usr/share/texlive/texmf-dist/tex/latex/relsize/relsize.sty
Package: relsize 2013/03/29 ver 4.1
)
********************************************************
Package `algorithm2e' Release 5.0 -- january 06 2013 --
- algorithm2e-announce@lirmm.fr mailing list for announcement about releases
- algorithm2e-discussion@lirmm.fr mailing list for discussion about package
subscribe by emailing sympa@lirmm.fr with 'subscribe <list> <firstname name>'
- Author: Christophe Fiorio (cfiorio@um2.fr)
********************************************************
\skiptotal=\skip48
\skiplinenumber=\skip49
\skiprule=\skip50
\skiphlne=\skip51
\skiptext=\skip52
\skiplength=\skip53
\algomargin=\skip54
\skipalgocfslide=\skip55
\algowidth=\dimen144
\inoutsize=\dimen145
\inoutindent=\dimen146
\interspacetitleruled=\dimen147
\interspacealgoruled=\dimen148
\interspacetitleboxruled=\dimen149
\algocf@inoutbox=\box57
\algocf@inputbox=\box58
\AlCapSkip=\skip56
\AlCapHSkip=\skip57
\algoskipindent=\skip58
\algocf@nlbox=\box59
\algocf@hangingbox=\box60
\algocf@untilbox=\box61
\algocf@skipuntil=\skip59
\algocf@capbox=\box62
\algoheightruledefault=\skip60
\algoheightrule=\skip61
\algotitleheightruledefault=\skip62
\algotitleheightrule=\skip63
\c@algocfline=\count133
\c@algocfproc=\count134
\c@algocf=\count135
\algocf@algoframe=\box63
\algocf@algobox=\box64
) (/usr/share/texlive/texmf-dist/tex/latex/hyperref/hyperref.sty
Package: hyperref 2012/11/06 v6.83m Hypertext links for LaTeX

(/usr/share/texlive/texmf-dist/tex/generic/oberdiek/hobsub-hyperref.sty
Package: hobsub-hyperref 2012/05/28 v1.13 Bundle oberdiek, subset hyperref (HO)


(/usr/share/texlive/texmf-dist/tex/generic/oberdiek/hobsub-generic.sty
Package: hobsub-generic 2012/05/28 v1.13 Bundle oberdiek, subset generic (HO)
Package: hobsub 2012/05/28 v1.13 Construct package bundles (HO)
Package hobsub Info: Skipping package `infwarerr' (already loaded).
Package hobsub Info: Skipping package `ltxcmds' (already loaded).
Package: ifluatex 2010/03/01 v1.3 Provides the ifluatex switch (HO)
Package ifluatex Info: LuaTeX not detected.
Package: ifvtex 2010/03/01 v1.5 Detect VTeX and its facilities (HO)
Package ifvtex Info: VTeX not detected.
Package: intcalc 2007/09/27 v1.1 Expandable calculations with integers (HO)
Package: ifpdf 2011/01/30 v2.3 Provides the ifpdf switch (HO)
Package ifpdf Info: pdfTeX in PDF mode is detected.
Package: etexcmds 2011/02/16 v1.5 Avoid name clashes with e-TeX commands (HO)
Package etexcmds Info: Could not find \expanded.
(etexcmds)             That can mean that you are not using pdfTeX 1.50 or
(etexcmds)             that some package has redefined \expanded.
(etexcmds)             In the latter case, load this package earlier.
Package: kvsetkeys 2012/04/25 v1.16 Key value parser (HO)
Package: kvdefinekeys 2011/04/07 v1.3 Define keys (HO)
Package: pdftexcmds 2011/11/29 v0.20 Utility functions of pdfTeX for LuaTeX (HO
)
Package pdftexcmds Info: LuaTeX not detected.
Package pdftexcmds Info: \pdf@primitive is available.
Package pdftexcmds Info: \pdf@ifprimitive is available.
Package pdftexcmds Info: \pdfdraftmode found.
Package: pdfescape 2011/11/25 v1.13 Implements pdfTeX's escape features (HO)
Package: bigintcalc 2012/04/08 v1.3 Expandable calculations on big integers (HO
)
Package: bitset 2011/01/30 v1.1 Handle bit-vector datatype (HO)
Package: uniquecounter 2011/01/30 v1.2 Provide unlimited unique counter (HO)
)
Package hobsub Info: Skipping package `hobsub' (already loaded).
Package: letltxmacro 2010/09/02 v1.4 Let assignment for LaTeX macros (HO)
Package: hopatch 2012/05/28 v1.2 Wrapper for package hooks (HO)
Package: xcolor-patch 2011/01/30 xcolor patch
Package: atveryend 2011/06/30 v1.8 Hooks at the very end of document (HO)
Package atveryend Info: \enddocument detected (standard20110627).
Package: atbegshi 2011/10/05 v1.16 At begin shipout hook (HO)
Package: refcount 2011/10/16 v3.4 Data extraction from label references (HO)
Package: hycolor 2011/01/30 v1.7 Color options for hyperref/bookmark (HO)
)
(/usr/share/texlive/texmf-dist/tex/generic/ifxetex/ifxetex.sty
Package: ifxetex 2010/09/12 v0.6 Provides ifxetex conditional
)
(/usr/share/texlive/texmf-dist/tex/latex/oberdiek/auxhook.sty
Package: auxhook 2011/03/04 v1.3 Hooks for auxiliary files (HO)
)
(/usr/share/texlive/texmf-dist/tex/latex/oberdiek/kvoptions.sty
Package: kvoptions 2011/06/30 v3.11 Key value format for package options (HO)
)
\@linkdim=\dimen150
\Hy@linkcounter=\count136
\Hy@pagecounter=\count137

(/usr/share/texlive/texmf-dist/tex/latex/hyperref/pd1enc.def
File: pd1enc.def 2012/11/06 v6.83m Hyperref: PDFDocEncoding definition (HO)
)
\Hy@SavedSpaceFactor=\count138

(/usr/share/texlive/texmf-dist/tex/latex/latexconfig/hyperref.cfg
File: hyperref.cfg 2002/06/06 v1.2 hyperref configuration of TeXLive
)
Package hyperref Info: Option `colorlinks' set `true' on input line 4319.
Package hyperref Info: Hyper figures OFF on input line 4443.
Package hyperref Info: Link nesting OFF on input line 4448.
Package hyperref Info: Hyper index ON on input line 4451.
Package hyperref Info: Plain pages OFF on input line 4458.
Package hyperref Info: Backreferencing OFF on input line 4463.
Package hyperref Info: Implicit mode ON; LaTeX internals redefined.
Package hyperref Info: Bookmarks ON on input line 4688.
\c@Hy@tempcnt=\count139

(/usr/share/texlive/texmf-dist/tex/latex/url/url.sty
\Urlmuskip=\muskip11
Package: url 2013/09/16  ver 3.4  Verb mode for urls, etc.
)
LaTeX Info: Redefining \url on input line 5041.
\XeTeXLinkMargin=\dimen151
\Fld@menulength=\count140
\Field@Width=\dimen152
\Fld@charsize=\dimen153
Package hyperref Info: Hyper figures OFF on input line 6295.
Package hyperref Info: Link nesting OFF on input line 6300.
Package hyperref Info: Hyper index ON on input line 6303.
Package hyperref Info: backreferencing OFF on input line 6310.
Package hyperref Info: Link coloring ON on input line 6313.
Package hyperref Info: Link coloring with OCG OFF on input line 6320.
Package hyperref Info: PDF/A mode OFF on input line 6325.
LaTeX Info: Redefining \ref on input line 6365.
LaTeX Info: Redefining \pageref on input line 6369.
\Hy@abspage=\count141
\c@Item=\count142
\c@Hfootnote=\count143
)

Package hyperref Message: Driver (autodetected): hpdftex.

(/usr/share/texlive/texmf-dist/tex/latex/hyperref/hpdftex.def
File: hpdftex.def 2012/11/06 v6.83m Hyperref driver for pdfTeX
\Fld@listcount=\count144
\c@bookmark@seq@number=\count145

(/usr/share/texlive/texmf-dist/tex/latex/oberdiek/rerunfilecheck.sty
Package: rerunfilecheck 2011/04/15 v1.7 Rerun checks for auxiliary files (HO)
Package uniquecounter Info: New unique counter `rerunfilecheck' on input line 2
82.
)
\Hy@SectionHShift=\skip64
)
(/usr/share/texlive/texmf-dist/tex/latex/filecontents/filecontents.sty
Package: filecontents 2011/10/08 v1.3 Create an external file from within a LaT
eX document
)
(/usr/share/texlive/texmf-dist/tex/latex/lipsum/lipsum.sty
Package: lipsum 2011/04/14 v1.2 150 paragraphs of Lorem Ipsum dummy text
\c@lips@count=\count146
)
(/usr/share/texlive/texmf-dist/tex/latex/cite/cite.sty
LaTeX Info: Redefining \cite on input line 302.
LaTeX Info: Redefining \nocite on input line 373.
Package: cite 2010/09/10  v 5.3
)
(/usr/share/texlive/texmf-dist/tex/latex/import/import.sty
Package: import 2009/03/23  v 5.1
) (./paper.aux)
\openout1 = `paper.aux'.

LaTeX Font Info:    Checking defaults for OML/cmm/m/it on input line 16.
LaTeX Font Info:    ... okay on input line 16.
LaTeX Font Info:    Checking defaults for T1/cmr/m/n on input line 16.
LaTeX Font Info:    ... okay on input line 16.
LaTeX Font Info:    Checking defaults for OT1/cmr/m/n on input line 16.
LaTeX Font Info:    ... okay on input line 16.
LaTeX Font Info:    Checking defaults for OMS/cmsy/m/n on input line 16.
LaTeX Font Info:    ... okay on input line 16.
LaTeX Font Info:    Checking defaults for OMX/cmex/m/n on input line 16.
LaTeX Font Info:    ... okay on input line 16.
LaTeX Font Info:    Checking defaults for U/cmr/m/n on input line 16.
LaTeX Font Info:    ... okay on input line 16.
LaTeX Font Info:    Checking defaults for PD1/pdf/m/n on input line 16.
LaTeX Font Info:    ... okay on input line 16.

(/usr/share/texlive/texmf-dist/tex/context/base/supp-pdf.mkii
[Loading MPS to PDF converter (version 2006.09.02).]
\scratchcounter=\count147
\scratchdimen=\dimen154
\scratchbox=\box65
\nofMPsegments=\count148
\nofMParguments=\count149
\everyMPshowfont=\toks25
\MPscratchCnt=\count150
\MPscratchDim=\dimen155
\MPnumerator=\count151
\makeMPintoPDFobject=\count152
\everyMPtoPDFconversion=\toks26
) (/usr/share/texlive/texmf-dist/tex/latex/oberdiek/epstopdf-base.sty
Package: epstopdf-base 2010/02/09 v2.5 Base part for package epstopdf

(/usr/share/texlive/texmf-dist/tex/latex/oberdiek/grfext.sty
Package: grfext 2010/08/19 v1.1 Manage graphics extensions (HO)
)
Package grfext Info: Graphics extension search list:
(grfext)             [.png,.pdf,.jpg,.mps,.jpeg,.jbig2,.jb2,.PNG,.PDF,.JPG,.JPE
G,.JBIG2,.JB2,.eps]
(grfext)             \AppendGraphicsExtensions on input line 452.

(/usr/share/texlive/texmf-dist/tex/latex/latexconfig/epstopdf-sys.cfg
File: epstopdf-sys.cfg 2010/07/13 v1.3 Configuration of (r)epstopdf for TeX Liv
e
))
Package caption Info: Begin \AtBeginDocument code.
Package caption Info: End \AtBeginDocument code.
\AtBeginShipoutBox=\box66

(/usr/share/texlive/texmf-dist/tex/latex/graphics/color.sty
Package: color 2005/11/14 v1.0j Standard LaTeX Color (DPC)

(/usr/share/texlive/texmf-dist/tex/latex/latexconfig/color.cfg
File: color.cfg 2007/01/18 v1.5 color configuration of teTeX/TeXLive
)
Package color Info: Driver file: pdftex.def on input line 130.
)
Package hyperref Info: Link coloring ON on input line 16.

(/usr/share/texlive/texmf-dist/tex/latex/hyperref/nameref.sty
Package: nameref 2012/10/27 v2.43 Cross-referencing by name of section

(/usr/share/texlive/texmf-dist/tex/generic/oberdiek/gettitlestring.sty
Package: gettitlestring 2010/12/03 v1.4 Cleanup title references (HO)
)
\c@section@level=\count153
)
LaTeX Info: Redefining \ref on input line 16.
LaTeX Info: Redefining \pageref on input line 16.
LaTeX Info: Redefining \nameref on input line 16.

(./paper.out) (./paper.out)
\@outlinefile=\write5
\openout5 = `paper.out'.

LaTeX Font Info:    Try loading font information for U+msa on input line 33.

(/usr/share/texlive/texmf-dist/tex/latex/amsfonts/umsa.fd
File: umsa.fd 2013/01/14 v3.01 AMS symbols A
)
LaTeX Font Info:    Try loading font information for U+msb on input line 33.

(/usr/share/texlive/texmf-dist/tex/latex/amsfonts/umsb.fd
File: umsb.fd 2013/01/14 v3.01 AMS symbols B
)

Package hyperref Warning: bookmark level for unknown title defaults to 0.


Package hyperref Warning: bookmark level for unknown author defaults to 0.


(/mnt/nfs/Austin/comp520-linearRegression/results/powerPlant/entireResultsSecti
on.tex
</mnt/nfs/Austin/comp520-linearRegression/results/powerPlant/gradientDescent/er
rorCurveLegend.png, id=11, 115.632pt x 136.3494pt>
File: /mnt/nfs/Austin/comp520-linearRegression/results/powerPlant/gradientDesce
nt/errorCurveLegend.png Graphic file (type png)

<use /mnt/nfs/Austin/comp520-linearRegression/results/powerPlant/gradientDescen
t/errorCurveLegend.png>
Package pdftex.def Info: /mnt/nfs/Austin/comp520-linearRegression/results/power
Plant/gradientDescent/errorCurveLegend.png used on input line 4.
(pdftex.def)             Requested size: 115.63171pt x 136.34904pt.

</mnt/nfs/Austin/comp520-linearRegression/results/powerPlant/gradientDescent/gr
adientMagnitudeLegend.png, id=12, 135.8676pt x 91.0602pt>
File: /mnt/nfs/Austin/comp520-linearRegression/results/powerPlant/gradientDesce
nt/gradientMagnitudeLegend.png Graphic file (type png)

<use /mnt/nfs/Austin/comp520-linearRegression/results/powerPlant/gradientDescen
t/gradientMagnitudeLegend.png>
Package pdftex.def Info: /mnt/nfs/Austin/comp520-linearRegression/results/power
Plant/gradientDescent/gradientMagnitudeLegend.png used on input line 7.
(pdftex.def)             Requested size: 135.86725pt x 91.05997pt.

</mnt/nfs/Austin/comp520-linearRegression/results/powerPlant/gradientDescentLea
rningCurve/learningCurveLegend.png, id=13, 83.3514pt x 68.4156pt>
File: /mnt/nfs/Austin/comp520-linearRegression/results/powerPlant/gradientDesce
ntLearningCurve/learningCurveLegend.png Graphic file (type png)

<use /mnt/nfs/Austin/comp520-linearRegression/results/powerPlant/gradientDescen
tLearningCurve/learningCurveLegend.png>
Package pdftex.def Info: /mnt/nfs/Austin/comp520-linearRegression/results/power
Plant/gradientDescentLearningCurve/learningCurveLegend.png used on input line 1
0.
(pdftex.def)             Requested size: 83.35117pt x 68.41542pt.

</mnt/nfs/Austin/comp520-linearRegression/results/powerPlant/gradientDescent/ru
nDataSummaryGraphLegend.png, id=14, 171.2799pt x 68.4156pt>
File: /mnt/nfs/Austin/comp520-linearRegression/results/powerPlant/gradientDesce
nt/runDataSummaryGraphLegend.png Graphic file (type png)

<use /mnt/nfs/Austin/comp520-linearRegression/results/powerPlant/gradientDescen
t/runDataSummaryGraphLegend.png>
Package pdftex.def Info: /mnt/nfs/Austin/comp520-linearRegression/results/power
Plant/gradientDescent/runDataSummaryGraphLegend.png used on input line 13.
(pdftex.def)             Requested size: 171.27948pt x 68.41542pt.

</mnt/nfs/Austin/comp520-linearRegression/results/powerPlant/gradientDescent/Av
erages/StandardValidation/Original/0.000100LR/5.000000Lambda/5740TrainingExampl
es/ErrorCurves/allPlots.png, id=15, 712.8231pt x 360.3864pt>
File: /mnt/nfs/Austin/comp520-linearRegression/results/powerPlant/gradientDesce
nt/Averages/StandardValidation/Original/0.000100LR/5.000000Lambda/5740TrainingE
xamples/ErrorCurves/allPlots.png Graphic file (type png)

<use /mnt/nfs/Austin/comp520-linearRegression/results/powerPlant/gradientDescen
t/Averages/StandardValidation/Original/0.000100LR/5.000000Lambda/5740TrainingEx
amples/ErrorCurves/allPlots.png>
Package pdftex.def Info: /mnt/nfs/Austin/comp520-linearRegression/results/power
Plant/gradientDescent/Averages/StandardValidation/Original/0.000100LR/5.000000L
ambda/5740TrainingExamples/ErrorCurves/allPlots.png used on input line 21.
(pdftex.def)             Requested size: 712.82137pt x 360.38551pt.

</mnt/nfs/Austin/comp520-linearRegression/results/powerPlant/gradientDescent/Av
erages/StandardValidation/Original/0.000100LR/5.000000Lambda/5740TrainingExampl
es/ErrorCurves/gradientPlot.png, id=16, 733.0587pt x 350.2686pt>
File: /mnt/nfs/Austin/comp520-linearRegression/results/powerPlant/gradientDesce
nt/Averages/StandardValidation/Original/0.000100LR/5.000000Lambda/5740TrainingE
xamples/ErrorCurves/gradientPlot.png Graphic file (type png)

<use /mnt/nfs/Austin/comp520-linearRegression/results/powerPlant/gradientDescen
t/Averages/StandardValidation/Original/0.000100LR/5.000000Lambda/5740TrainingEx
amples/ErrorCurves/gradientPlot.png>
Package pdftex.def Info: /mnt/nfs/Austin/comp520-linearRegression/results/power
Plant/gradientDescent/Averages/StandardValidation/Original/0.000100LR/5.000000L
ambda/5740TrainingExamples/ErrorCurves/gradientPlot.png used on input line 24.
(pdftex.def)             Requested size: 733.05692pt x 350.26775pt.


LaTeX Warning: File `{/mnt/nfs/Austin/comp520-linearRegression/results//mnt/nfs
/Austin/comp520-linearRegression/results/powerPlant/gradientDescent/Averages/St
andardValidation/Original/0.000100LR/5.000000Lambda/5740TrainingExamples/powerP
lant/gradientDescentLearningCurve/gradientDescentLearningCurve-Original-0.00010
0LR-5.000000Lambda-0TrainingExamples}.png' not found on input line 27.


! Package pdftex.def Error: File `/mnt/nfs/Austin/comp520-linearRegression/resu
lts//mnt/nfs/Austin/comp520-linearRegression/results/powerPlant/gradientDescent
/Averages/StandardValidation/Original/0.000100LR/5.000000Lambda/5740TrainingExa
mples/powerPlant/gradientDescentLearningCurve/gradientDescentLearningCurve-Orig
inal-0.000100LR-5.000000Lambda-0TrainingExamples.png' not found.

See the pdftex.def package documentation for explanation.
Type  H <return>  for immediate help.
 ...                                              
                                                  
l.27 	}
       
Using draft setting for this image.
Try typing  <return>  to proceed.
If that doesn't work, type  X <return>  to quit.


</mnt/nfs/Austin/comp520-linearRegression/results/powerPlant/gradientDescent/Av
erages/StandardValidation/AdaptedLR/0.010000LR/1.000000Lambda/5740TrainingExamp
les/ErrorCurves/allPlots.png, id=17, 712.8231pt x 360.3864pt>
File: /mnt/nfs/Austin/comp520-linearRegression/results/powerPlant/gradientDesce
nt/Averages/StandardValidation/AdaptedLR/0.010000LR/1.000000Lambda/5740Training
Examples/ErrorCurves/allPlots.png Graphic file (type png)

<use /mnt/nfs/Austin/comp520-linearRegression/results/powerPlant/gradientDescen
t/Averages/StandardValidation/AdaptedLR/0.010000LR/1.000000Lambda/5740TrainingE
xamples/ErrorCurves/allPlots.png>
Package pdftex.def Info: /mnt/nfs/Austin/comp520-linearRegression/results/power
Plant/gradientDescent/Averages/StandardValidation/AdaptedLR/0.010000LR/1.000000
Lambda/5740TrainingExamples/ErrorCurves/allPlots.png used on input line 30.
(pdftex.def)             Requested size: 712.82137pt x 360.38551pt.

</mnt/nfs/Austin/comp520-linearRegression/results/powerPlant/gradientDescent/Av
erages/StandardValidation/AdaptedLR/0.010000LR/1.000000Lambda/5740TrainingExamp
les/ErrorCurves/gradientPlot.png, id=18, 733.0587pt x 354.3639pt>
File: /mnt/nfs/Austin/comp520-linearRegression/results/powerPlant/gradientDesce
nt/Averages/StandardValidation/AdaptedLR/0.010000LR/1.000000Lambda/5740Training
Examples/ErrorCurves/gradientPlot.png Graphic file (type png)

<use /mnt/nfs/Austin/comp520-linearRegression/results/powerPlant/gradientDescen
t/Averages/StandardValidation/AdaptedLR/0.010000LR/1.000000Lambda/5740TrainingE
xamples/ErrorCurves/gradientPlot.png>
Package pdftex.def Info: /mnt/nfs/Austin/comp520-linearRegression/results/power
Plant/gradientDescent/Averages/StandardValidation/AdaptedLR/0.010000LR/1.000000
Lambda/5740TrainingExamples/ErrorCurves/gradientPlot.png used on input line 33.

(pdftex.def)             Requested size: 733.05692pt x 354.36302pt.


LaTeX Warning: File `{/mnt/nfs/Austin/comp520-linearRegression/results//mnt/nfs
/Austin/comp520-linearRegression/results/powerPlant/gradientDescent/Averages/St
andardValidation/AdaptedLR/0.010000LR/1.000000Lambda/5740TrainingExamples/power
Plant/gradientDescentLearningCurve/gradientDescentLearningCurve-AdaptedLR-0.010
000LR-1.000000Lambda-0TrainingExamples}.png' not found on input line 36.


! Package pdftex.def Error: File `/mnt/nfs/Austin/comp520-linearRegression/resu
lts//mnt/nfs/Austin/comp520-linearRegression/results/powerPlant/gradientDescent
/Averages/StandardValidation/AdaptedLR/0.010000LR/1.000000Lambda/5740TrainingEx
amples/powerPlant/gradientDescentLearningCurve/gradientDescentLearningCurve-Ada
ptedLR-0.010000LR-1.000000Lambda-0TrainingExamples.png' not found.

See the pdftex.def package documentation for explanation.
Type  H <return>  for immediate help.
 ...                                              
                                                  
l.36 	}
       
Using draft setting for this image.
Try typing  <return>  to proceed.
If that doesn't work, type  X <return>  to quit.


</mnt/nfs/Austin/comp520-linearRegression/results/powerPlant/gradientDescent/Av
erages/StandardValidation/GradientMag/0.500000LR/0.050000Lambda/5740TrainingExa
mples/ErrorCurves/allPlots.png, id=19, 712.8231pt x 360.3864pt>
File: /mnt/nfs/Austin/comp520-linearRegression/results/powerPlant/gradientDesce
nt/Averages/StandardValidation/GradientMag/0.500000LR/0.050000Lambda/5740Traini
ngExamples/ErrorCurves/allPlots.png Graphic file (type png)

<use /mnt/nfs/Austin/comp520-linearRegression/results/powerPlant/gradientDescen
t/Averages/StandardValidation/GradientMag/0.500000LR/0.050000Lambda/5740Trainin
gExamples/ErrorCurves/allPlots.png>
Package pdftex.def Info: /mnt/nfs/Austin/comp520-linearRegression/results/power
Plant/gradientDescent/Averages/StandardValidation/GradientMag/0.500000LR/0.0500
00Lambda/5740TrainingExamples/ErrorCurves/allPlots.png used on input line 39.
(pdftex.def)             Requested size: 712.82137pt x 360.38551pt.

</mnt/nfs/Austin/comp520-linearRegression/results/powerPlant/gradientDescent/Av
erages/StandardValidation/GradientMag/0.500000LR/0.050000Lambda/5740TrainingExa
mples/ErrorCurves/gradientPlot.png, id=20, 733.0587pt x 357.7365pt>
File: /mnt/nfs/Austin/comp520-linearRegression/results/powerPlant/gradientDesce
nt/Averages/StandardValidation/GradientMag/0.500000LR/0.050000Lambda/5740Traini
ngExamples/ErrorCurves/gradientPlot.png Graphic file (type png)

<use /mnt/nfs/Austin/comp520-linearRegression/results/powerPlant/gradientDescen
t/Averages/StandardValidation/GradientMag/0.500000LR/0.050000Lambda/5740Trainin
gExamples/ErrorCurves/gradientPlot.png>
Package pdftex.def Info: /mnt/nfs/Austin/comp520-linearRegression/results/power
Plant/gradientDescent/Averages/StandardValidation/GradientMag/0.500000LR/0.0500
00Lambda/5740TrainingExamples/ErrorCurves/gradientPlot.png used on input line 4
2.
(pdftex.def)             Requested size: 733.05692pt x 357.73561pt.


LaTeX Warning: File `{/mnt/nfs/Austin/comp520-linearRegression/results//mnt/nfs
/Austin/comp520-linearRegression/results/powerPlant/gradientDescent/Averages/St
andardValidation/GradientMag/0.500000LR/0.050000Lambda/5740TrainingExamples/pow
erPlant/gradientDescentLearningCurve/gradientDescentLearningCurve-GradientMag-0
.500000LR-0.050000Lambda-0TrainingExamples}.png' not found on input line 45.


! Package pdftex.def Error: File `/mnt/nfs/Austin/comp520-linearRegression/resu
lts//mnt/nfs/Austin/comp520-linearRegression/results/powerPlant/gradientDescent
/Averages/StandardValidation/GradientMag/0.500000LR/0.050000Lambda/5740Training
Examples/powerPlant/gradientDescentLearningCurve/gradientDescentLearningCurve-G
radientMag-0.500000LR-0.050000Lambda-0TrainingExamples.png' not found.

See the pdftex.def package documentation for explanation.
Type  H <return>  for immediate help.
 ...                                              
                                                  
l.45 	}
       
Using draft setting for this image.
Try typing  <return>  to proceed.
If that doesn't work, type  X <return>  to quit.


</mnt/nfs/Austin/comp520-linearRegression/results/powerPlant/gradientDescent/av
gSummaryGraphs/ValidationStopValidationErrorvsValidationStopTrainingError/AllPo
intsValidationStopValidationErrorvsValidationStopTrainingError.png, id=21, 361.
35pt x 245.2362pt>
File: /mnt/nfs/Austin/comp520-linearRegression/results/powerPlant/gradientDesce
nt/avgSummaryGraphs/ValidationStopValidationErrorvsValidationStopTrainingError/
AllPointsValidationStopValidationErrorvsValidationStopTrainingError.png Graphic
 file (type png)

<use /mnt/nfs/Austin/comp520-linearRegression/results/powerPlant/gradientDescen
t/avgSummaryGraphs/ValidationStopValidationErrorvsValidationStopTrainingError/A
llPointsValidationStopValidationErrorvsValidationStopTrainingError.png>
Package pdftex.def Info: /mnt/nfs/Austin/comp520-linearRegression/results/power
Plant/gradientDescent/avgSummaryGraphs/ValidationStopValidationErrorvsValidatio
nStopTrainingError/AllPointsValidationStopValidationErrorvsValidationStopTraini
ngError.png used on input line 53.
(pdftex.def)             Requested size: 361.34912pt x 245.2356pt.

</mnt/nfs/Austin/comp520-linearRegression/results/powerPlant/gradientDescent/av
gSummaryGraphs/ValidationStopValidationErrorvsValidationStopTestError/AllPoints
ValidationStopValidationErrorvsValidationStopTestError.png, id=22, 361.35pt x 2
45.2362pt>
File: /mnt/nfs/Austin/comp520-linearRegression/results/powerPlant/gradientDesce
nt/avgSummaryGraphs/ValidationStopValidationErrorvsValidationStopTestError/AllP
ointsValidationStopValidationErrorvsValidationStopTestError.png Graphic file (t
ype png)

<use /mnt/nfs/Austin/comp520-linearRegression/results/powerPlant/gradientDescen
t/avgSummaryGraphs/ValidationStopValidationErrorvsValidationStopTestError/AllPo
intsValidationStopValidationErrorvsValidationStopTestError.png>
Package pdftex.def Info: /mnt/nfs/Austin/comp520-linearRegression/results/power
Plant/gradientDescent/avgSummaryGraphs/ValidationStopValidationErrorvsValidatio
nStopTestError/AllPointsValidationStopValidationErrorvsValidationStopTestError.
png used on input line 56.
(pdftex.def)             Requested size: 361.34912pt x 245.2356pt.

</mnt/nfs/Austin/comp520-linearRegression/results/powerPlant/gradientDescent/av
gSummaryGraphs/LambdavsTimeInSeconds/AllPointsLambdavsTimeInSeconds.png, id=23,
 361.35pt x 243.5499pt>
File: /mnt/nfs/Austin/comp520-linearRegression/results/powerPlant/gradientDesce
nt/avgSummaryGraphs/LambdavsTimeInSeconds/AllPointsLambdavsTimeInSeconds.png Gr
aphic file (type png)

<use /mnt/nfs/Austin/comp520-linearRegression/results/powerPlant/gradientDescen
t/avgSummaryGraphs/LambdavsTimeInSeconds/AllPointsLambdavsTimeInSeconds.png>
Package pdftex.def Info: /mnt/nfs/Austin/comp520-linearRegression/results/power
Plant/gradientDescent/avgSummaryGraphs/LambdavsTimeInSeconds/AllPointsLambdavsT
imeInSeconds.png used on input line 64.
(pdftex.def)             Requested size: 361.34912pt x 243.5493pt.

</mnt/nfs/Austin/comp520-linearRegression/results/powerPlant/gradientDescent/av
gSummaryGraphs/LambdavsTimeInSeconds/UniquePointsLambdavsTimeInSeconds.png, id=
24, 361.35pt x 243.5499pt>
File: /mnt/nfs/Austin/comp520-linearRegression/results/powerPlant/gradientDesce
nt/avgSummaryGraphs/LambdavsTimeInSeconds/UniquePointsLambdavsTimeInSeconds.png
 Graphic file (type png)

<use /mnt/nfs/Austin/comp520-linearRegression/results/powerPlant/gradientDescen
t/avgSummaryGraphs/LambdavsTimeInSeconds/UniquePointsLambdavsTimeInSeconds.png>
Package pdftex.def Info: /mnt/nfs/Austin/comp520-linearRegression/results/power
Plant/gradientDescent/avgSummaryGraphs/LambdavsTimeInSeconds/UniquePointsLambda
vsTimeInSeconds.png used on input line 67.
(pdftex.def)             Requested size: 361.34912pt x 243.5493pt.

</mnt/nfs/Austin/comp520-linearRegression/results/powerPlant/gradientDescent/av
gSummaryGraphs/LambdavsminTrainingError/AllPointsLambdavsminTrainingError.png, 
id=25, 361.35pt x 245.2362pt>
File: /mnt/nfs/Austin/comp520-linearRegression/results/powerPlant/gradientDesce
nt/avgSummaryGraphs/LambdavsminTrainingError/AllPointsLambdavsminTrainingError.
png Graphic file (type png)

<use /mnt/nfs/Austin/comp520-linearRegression/results/powerPlant/gradientDescen
t/avgSummaryGraphs/LambdavsminTrainingError/AllPointsLambdavsminTrainingError.p
ng>
Package pdftex.def Info: /mnt/nfs/Austin/comp520-linearRegression/results/power
Plant/gradientDescent/avgSummaryGraphs/LambdavsminTrainingError/AllPointsLambda
vsminTrainingError.png used on input line 70.
(pdftex.def)             Requested size: 361.34912pt x 245.2356pt.

</mnt/nfs/Austin/comp520-linearRegression/results/powerPlant/gradientDescent/av
gSummaryGraphs/LambdavsminTrainingError/UniquePointsLambdavsminTrainingError.pn
g, id=26, 361.35pt x 249.0906pt>
File: /mnt/nfs/Austin/comp520-linearRegression/results/powerPlant/gradientDesce
nt/avgSummaryGraphs/LambdavsminTrainingError/UniquePointsLambdavsminTrainingErr
or.png Graphic file (type png)

<use /mnt/nfs/Austin/comp520-linearRegression/results/powerPlant/gradientDescen
t/avgSummaryGraphs/LambdavsminTrainingError/UniquePointsLambdavsminTrainingErro
r.png>
Package pdftex.def Info: /mnt/nfs/Austin/comp520-linearRegression/results/power
Plant/gradientDescent/avgSummaryGraphs/LambdavsminTrainingError/UniquePointsLam
bdavsminTrainingError.png used on input line 73.
(pdftex.def)             Requested size: 361.34912pt x 249.08998pt.

</mnt/nfs/Austin/comp520-linearRegression/results/powerPlant/gradientDescent/av
gSummaryGraphs/LambdavsminValidationError/AllPointsLambdavsminValidationError.p
ng, id=27, 361.35pt x 245.2362pt>
File: /mnt/nfs/Austin/comp520-linearRegression/results/powerPlant/gradientDesce
nt/avgSummaryGraphs/LambdavsminValidationError/AllPointsLambdavsminValidationEr
ror.png Graphic file (type png)

<use /mnt/nfs/Austin/comp520-linearRegression/results/powerPlant/gradientDescen
t/avgSummaryGraphs/LambdavsminValidationError/AllPointsLambdavsminValidationErr
or.png>
Package pdftex.def Info: /mnt/nfs/Austin/comp520-linearRegression/results/power
Plant/gradientDescent/avgSummaryGraphs/LambdavsminValidationError/AllPointsLamb
davsminValidationError.png used on input line 76.
(pdftex.def)             Requested size: 361.34912pt x 245.2356pt.

</mnt/nfs/Austin/comp520-linearRegression/results/powerPlant/gradientDescent/av
gSummaryGraphs/LambdavsminValidationError/UniquePointsLambdavsminValidationErro
r.png, id=28, 361.35pt x 249.0906pt>
File: /mnt/nfs/Austin/comp520-linearRegression/results/powerPlant/gradientDesce
nt/avgSummaryGraphs/LambdavsminValidationError/UniquePointsLambdavsminValidatio
nError.png Graphic file (type png)

<use /mnt/nfs/Austin/comp520-linearRegression/results/powerPlant/gradientDescen
t/avgSummaryGraphs/LambdavsminValidationError/UniquePointsLambdavsminValidation
Error.png>
Package pdftex.def Info: /mnt/nfs/Austin/comp520-linearRegression/results/power
Plant/gradientDescent/avgSummaryGraphs/LambdavsminValidationError/UniquePointsL
ambdavsminValidationError.png used on input line 79.
(pdftex.def)             Requested size: 361.34912pt x 249.08998pt.

</mnt/nfs/Austin/comp520-linearRegression/results/powerPlant/gradientDescent/av
gSummaryGraphs/LambdavsminTestError/AllPointsLambdavsminTestError.png, id=29, 3
61.35pt x 245.2362pt>
File: /mnt/nfs/Austin/comp520-linearRegression/results/powerPlant/gradientDesce
nt/avgSummaryGraphs/LambdavsminTestError/AllPointsLambdavsminTestError.png Grap
hic file (type png)

<use /mnt/nfs/Austin/comp520-linearRegression/results/powerPlant/gradientDescen
t/avgSummaryGraphs/LambdavsminTestError/AllPointsLambdavsminTestError.png>
Package pdftex.def Info: /mnt/nfs/Austin/comp520-linearRegression/results/power
Plant/gradientDescent/avgSummaryGraphs/LambdavsminTestError/AllPointsLambdavsmi
nTestError.png used on input line 82.
(pdftex.def)             Requested size: 361.34912pt x 245.2356pt.

</mnt/nfs/Austin/comp520-linearRegression/results/powerPlant/gradientDescent/av
gSummaryGraphs/LambdavsminTestError/UniquePointsLambdavsminTestError.png, id=30
, 361.35pt x 249.0906pt>
File: /mnt/nfs/Austin/comp520-linearRegression/results/powerPlant/gradientDesce
nt/avgSummaryGraphs/LambdavsminTestError/UniquePointsLambdavsminTestError.png G
raphic file (type png)

<use /mnt/nfs/Austin/comp520-linearRegression/results/powerPlant/gradientDescen
t/avgSummaryGraphs/LambdavsminTestError/UniquePointsLambdavsminTestError.png>
Package pdftex.def Info: /mnt/nfs/Austin/comp520-linearRegression/results/power
Plant/gradientDescent/avgSummaryGraphs/LambdavsminTestError/UniquePointsLambdav
sminTestError.png used on input line 85.
(pdftex.def)             Requested size: 361.34912pt x 249.08998pt.

</mnt/nfs/Austin/comp520-linearRegression/results/powerPlant/gradientDescent/av
gSummaryGraphs/LambdavsValidationStopTrainingError/AllPointsLambdavsValidationS
topTrainingError.png, id=31, 361.35pt x 245.2362pt>
File: /mnt/nfs/Austin/comp520-linearRegression/results/powerPlant/gradientDesce
nt/avgSummaryGraphs/LambdavsValidationStopTrainingError/AllPointsLambdavsValida
tionStopTrainingError.png Graphic file (type png)

<use /mnt/nfs/Austin/comp520-linearRegression/results/powerPlant/gradientDescen
t/avgSummaryGraphs/LambdavsValidationStopTrainingError/AllPointsLambdavsValidat
ionStopTrainingError.png>
Package pdftex.def Info: /mnt/nfs/Austin/comp520-linearRegression/results/power
Plant/gradientDescent/avgSummaryGraphs/LambdavsValidationStopTrainingError/AllP
ointsLambdavsValidationStopTrainingError.png used on input line 88.
(pdftex.def)             Requested size: 361.34912pt x 245.2356pt.

</mnt/nfs/Austin/comp520-linearRegression/results/powerPlant/gradientDescent/av
gSummaryGraphs/LambdavsValidationStopTrainingError/UniquePointsLambdavsValidati
onStopTrainingError.png, id=32, 361.35pt x 249.0906pt>
File: /mnt/nfs/Austin/comp520-linearRegression/results/powerPlant/gradientDesce
nt/avgSummaryGraphs/LambdavsValidationStopTrainingError/UniquePointsLambdavsVal
idationStopTrainingError.png Graphic file (type png)

<use /mnt/nfs/Austin/comp520-linearRegression/results/powerPlant/gradientDescen
t/avgSummaryGraphs/LambdavsValidationStopTrainingError/UniquePointsLambdavsVali
dationStopTrainingError.png>
Package pdftex.def Info: /mnt/nfs/Austin/comp520-linearRegression/results/power
Plant/gradientDescent/avgSummaryGraphs/LambdavsValidationStopTrainingError/Uniq
uePointsLambdavsValidationStopTrainingError.png used on input line 91.
(pdftex.def)             Requested size: 361.34912pt x 249.08998pt.

</mnt/nfs/Austin/comp520-linearRegression/results/powerPlant/gradientDescent/av
gSummaryGraphs/LambdavsValidationStopValidationError/AllPointsLambdavsValidatio
nStopValidationError.png, id=33, 361.35pt x 245.2362pt>
File: /mnt/nfs/Austin/comp520-linearRegression/results/powerPlant/gradientDesce
nt/avgSummaryGraphs/LambdavsValidationStopValidationError/AllPointsLambdavsVali
dationStopValidationError.png Graphic file (type png)

<use /mnt/nfs/Austin/comp520-linearRegression/results/powerPlant/gradientDescen
t/avgSummaryGraphs/LambdavsValidationStopValidationError/AllPointsLambdavsValid
ationStopValidationError.png>
Package pdftex.def Info: /mnt/nfs/Austin/comp520-linearRegression/results/power
Plant/gradientDescent/avgSummaryGraphs/LambdavsValidationStopValidationError/Al
lPointsLambdavsValidationStopValidationError.png used on input line 94.
(pdftex.def)             Requested size: 361.34912pt x 245.2356pt.

</mnt/nfs/Austin/comp520-linearRegression/results/powerPlant/gradientDescent/av
gSummaryGraphs/LambdavsValidationStopValidationError/UniquePointsLambdavsValida
tionStopValidationError.png, id=34, 361.35pt x 249.0906pt>
File: /mnt/nfs/Austin/comp520-linearRegression/results/powerPlant/gradientDesce
nt/avgSummaryGraphs/LambdavsValidationStopValidationError/UniquePointsLambdavsV
alidationStopValidationError.png Graphic file (type png)

<use /mnt/nfs/Austin/comp520-linearRegression/results/powerPlant/gradientDescen
t/avgSummaryGraphs/LambdavsValidationStopValidationError/UniquePointsLambdavsVa
lidationStopValidationError.png>
Package pdftex.def Info: /mnt/nfs/Austin/comp520-linearRegression/results/power
Plant/gradientDescent/avgSummaryGraphs/LambdavsValidationStopValidationError/Un
iquePointsLambdavsValidationStopValidationError.png used on input line 97.
(pdftex.def)             Requested size: 361.34912pt x 249.08998pt.

</mnt/nfs/Austin/comp520-linearRegression/results/powerPlant/gradientDescent/av
gSummaryGraphs/LambdavsValidationStopTestError/AllPointsLambdavsValidationStopT
estError.png, id=35, 361.35pt x 245.2362pt>
File: /mnt/nfs/Austin/comp520-linearRegression/results/powerPlant/gradientDesce
nt/avgSummaryGraphs/LambdavsValidationStopTestError/AllPointsLambdavsValidation
StopTestError.png Graphic file (type png)

<use /mnt/nfs/Austin/comp520-linearRegression/results/powerPlant/gradientDescen
t/avgSummaryGraphs/LambdavsValidationStopTestError/AllPointsLambdavsValidationS
topTestError.png>
Package pdftex.def Info: /mnt/nfs/Austin/comp520-linearRegression/results/power
Plant/gradientDescent/avgSummaryGraphs/LambdavsValidationStopTestError/AllPoint
sLambdavsValidationStopTestError.png used on input line 100.
(pdftex.def)             Requested size: 361.34912pt x 245.2356pt.

</mnt/nfs/Austin/comp520-linearRegression/results/powerPlant/gradientDescent/av
gSummaryGraphs/LambdavsValidationStopTestError/UniquePointsLambdavsValidationSt
opTestError.png, id=36, 361.35pt x 249.0906pt>
File: /mnt/nfs/Austin/comp520-linearRegression/results/powerPlant/gradientDesce
nt/avgSummaryGraphs/LambdavsValidationStopTestError/UniquePointsLambdavsValidat
ionStopTestError.png Graphic file (type png)

<use /mnt/nfs/Austin/comp520-linearRegression/results/powerPlant/gradientDescen
t/avgSummaryGraphs/LambdavsValidationStopTestError/UniquePointsLambdavsValidati
onStopTestError.png>
Package pdftex.def Info: /mnt/nfs/Austin/comp520-linearRegression/results/power
Plant/gradientDescent/avgSummaryGraphs/LambdavsValidationStopTestError/UniquePo
intsLambdavsValidationStopTestError.png used on input line 103.
(pdftex.def)             Requested size: 361.34912pt x 249.08998pt.

</mnt/nfs/Austin/comp520-linearRegression/results/powerPlant/gradientDescent/av
gSummaryGraphs/LambdavsGradientStoppingIteration/AllPointsLambdavsGradientStopp
ingIteration.png, id=37, 361.35pt x 234.1548pt>
File: /mnt/nfs/Austin/comp520-linearRegression/results/powerPlant/gradientDesce
nt/avgSummaryGraphs/LambdavsGradientStoppingIteration/AllPointsLambdavsGradient
StoppingIteration.png Graphic file (type png)

<use /mnt/nfs/Austin/comp520-linearRegression/results/powerPlant/gradientDescen
t/avgSummaryGraphs/LambdavsGradientStoppingIteration/AllPointsLambdavsGradientS
toppingIteration.png>
Package pdftex.def Info: /mnt/nfs/Austin/comp520-linearRegression/results/power
Plant/gradientDescent/avgSummaryGraphs/LambdavsGradientStoppingIteration/AllPoi
ntsLambdavsGradientStoppingIteration.png used on input line 106.
(pdftex.def)             Requested size: 361.34912pt x 234.15422pt.

</mnt/nfs/Austin/comp520-linearRegression/results/powerPlant/gradientDescent/av
gSummaryGraphs/LambdavsGradientStoppingIteration/UniquePointsLambdavsGradientSt
oppingIteration.png, id=38, 361.35pt x 232.4685pt>
File: /mnt/nfs/Austin/comp520-linearRegression/results/powerPlant/gradientDesce
nt/avgSummaryGraphs/LambdavsGradientStoppingIteration/UniquePointsLambdavsGradi
entStoppingIteration.png Graphic file (type png)

<use /mnt/nfs/Austin/comp520-linearRegression/results/powerPlant/gradientDescen
t/avgSummaryGraphs/LambdavsGradientStoppingIteration/UniquePointsLambdavsGradie
ntStoppingIteration.png>
Package pdftex.def Info: /mnt/nfs/Austin/comp520-linearRegression/results/power
Plant/gradientDescent/avgSummaryGraphs/LambdavsGradientStoppingIteration/Unique
PointsLambdavsGradientStoppingIteration.png used on input line 109.
(pdftex.def)             Requested size: 361.34912pt x 232.46793pt.

</mnt/nfs/Austin/comp520-linearRegression/results/powerPlant/gradientDescent/av
gSummaryGraphs/LambdavsValidationStoppingIteration/AllPointsLambdavsValidationS
toppingIteration.png, id=39, 361.35pt x 234.1548pt>
File: /mnt/nfs/Austin/comp520-linearRegression/results/powerPlant/gradientDesce
nt/avgSummaryGraphs/LambdavsValidationStoppingIteration/AllPointsLambdavsValida
tionStoppingIteration.png Graphic file (type png)

<use /mnt/nfs/Austin/comp520-linearRegression/results/powerPlant/gradientDescen
t/avgSummaryGraphs/LambdavsValidationStoppingIteration/AllPointsLambdavsValidat
ionStoppingIteration.png>
Package pdftex.def Info: /mnt/nfs/Austin/comp520-linearRegression/results/power
Plant/gradientDescent/avgSummaryGraphs/LambdavsValidationStoppingIteration/AllP
ointsLambdavsValidationStoppingIteration.png used on input line 112.
(pdftex.def)             Requested size: 361.34912pt x 234.15422pt.

</mnt/nfs/Austin/comp520-linearRegression/results/powerPlant/gradientDescent/av
gSummaryGraphs/LambdavsValidationStoppingIteration/UniquePointsLambdavsValidati
onStoppingIteration.png, id=40, 361.35pt x 232.4685pt>
File: /mnt/nfs/Austin/comp520-linearRegression/results/powerPlant/gradientDesce
nt/avgSummaryGraphs/LambdavsValidationStoppingIteration/UniquePointsLambdavsVal
idationStoppingIteration.png Graphic file (type png)

<use /mnt/nfs/Austin/comp520-linearRegression/results/powerPlant/gradientDescen
t/avgSummaryGraphs/LambdavsValidationStoppingIteration/UniquePointsLambdavsVali
dationStoppingIteration.png>
Package pdftex.def Info: /mnt/nfs/Austin/comp520-linearRegression/results/power
Plant/gradientDescent/avgSummaryGraphs/LambdavsValidationStoppingIteration/Uniq
uePointsLambdavsValidationStoppingIteration.png used on input line 115.
(pdftex.def)             Requested size: 361.34912pt x 232.46793pt.

</mnt/nfs/Austin/comp520-linearRegression/results/powerPlant/gradientDescent/av
gSummaryGraphs/LambdavsTrainingStoppingIteration/AllPointsLambdavsTrainingStopp
ingIteration.png, id=41, 361.35pt x 234.1548pt>
File: /mnt/nfs/Austin/comp520-linearRegression/results/powerPlant/gradientDesce
nt/avgSummaryGraphs/LambdavsTrainingStoppingIteration/AllPointsLambdavsTraining
StoppingIteration.png Graphic file (type png)

<use /mnt/nfs/Austin/comp520-linearRegression/results/powerPlant/gradientDescen
t/avgSummaryGraphs/LambdavsTrainingStoppingIteration/AllPointsLambdavsTrainingS
toppingIteration.png>
Package pdftex.def Info: /mnt/nfs/Austin/comp520-linearRegression/results/power
Plant/gradientDescent/avgSummaryGraphs/LambdavsTrainingStoppingIteration/AllPoi
ntsLambdavsTrainingStoppingIteration.png used on input line 118.
(pdftex.def)             Requested size: 361.34912pt x 234.15422pt.

</mnt/nfs/Austin/comp520-linearRegression/results/powerPlant/gradientDescent/av
gSummaryGraphs/LambdavsTrainingStoppingIteration/UniquePointsLambdavsTrainingSt
oppingIteration.png, id=42, 361.35pt x 232.4685pt>
File: /mnt/nfs/Austin/comp520-linearRegression/results/powerPlant/gradientDesce
nt/avgSummaryGraphs/LambdavsTrainingStoppingIteration/UniquePointsLambdavsTrain
ingStoppingIteration.png Graphic file (type png)

<use /mnt/nfs/Austin/comp520-linearRegression/results/powerPlant/gradientDescen
t/avgSummaryGraphs/LambdavsTrainingStoppingIteration/UniquePointsLambdavsTraini
ngStoppingIteration.png>
Package pdftex.def Info: /mnt/nfs/Austin/comp520-linearRegression/results/power
Plant/gradientDescent/avgSummaryGraphs/LambdavsTrainingStoppingIteration/Unique
PointsLambdavsTrainingStoppingIteration.png used on input line 121.
(pdftex.def)             Requested size: 361.34912pt x 232.46793pt.


LaTeX Warning: Float too large for page by 1011.42267pt on input line 124.


</mnt/nfs/Austin/comp520-linearRegression/results/powerPlant/gradientDescent/av
gSummaryGraphs/LearningRatevsTimeInSeconds/AllPointsLearningRatevsTimeInSeconds
.png, id=43, 361.35pt x 243.5499pt>
File: /mnt/nfs/Austin/comp520-linearRegression/results/powerPlant/gradientDesce
nt/avgSummaryGraphs/LearningRatevsTimeInSeconds/AllPointsLearningRatevsTimeInSe
conds.png Graphic file (type png)

<use /mnt/nfs/Austin/comp520-linearRegression/results/powerPlant/gradientDescen
t/avgSummaryGraphs/LearningRatevsTimeInSeconds/AllPointsLearningRatevsTimeInSec
onds.png>
Package pdftex.def Info: /mnt/nfs/Austin/comp520-linearRegression/results/power
Plant/gradientDescent/avgSummaryGraphs/LearningRatevsTimeInSeconds/AllPointsLea
rningRatevsTimeInSeconds.png used on input line 129.
(pdftex.def)             Requested size: 361.34912pt x 243.5493pt.

</mnt/nfs/Austin/comp520-linearRegression/results/powerPlant/gradientDescent/av
gSummaryGraphs/LearningRatevsTimeInSeconds/UniquePointsLearningRatevsTimeInSeco
nds.png, id=44, 361.35pt x 243.5499pt>
File: /mnt/nfs/Austin/comp520-linearRegression/results/powerPlant/gradientDesce
nt/avgSummaryGraphs/LearningRatevsTimeInSeconds/UniquePointsLearningRatevsTimeI
nSeconds.png Graphic file (type png)

<use /mnt/nfs/Austin/comp520-linearRegression/results/powerPlant/gradientDescen
t/avgSummaryGraphs/LearningRatevsTimeInSeconds/UniquePointsLearningRatevsTimeIn
Seconds.png>
Package pdftex.def Info: /mnt/nfs/Austin/comp520-linearRegression/results/power
Plant/gradientDescent/avgSummaryGraphs/LearningRatevsTimeInSeconds/UniquePoints
LearningRatevsTimeInSeconds.png used on input line 132.
(pdftex.def)             Requested size: 361.34912pt x 243.5493pt.

</mnt/nfs/Austin/comp520-linearRegression/results/powerPlant/gradientDescent/av
gSummaryGraphs/LearningRatevsminTrainingError/AllPointsLearningRatevsminTrainin
gError.png, id=45, 361.35pt x 245.2362pt>
File: /mnt/nfs/Austin/comp520-linearRegression/results/powerPlant/gradientDesce
nt/avgSummaryGraphs/LearningRatevsminTrainingError/AllPointsLearningRatevsminTr
ainingError.png Graphic file (type png)

<use /mnt/nfs/Austin/comp520-linearRegression/results/powerPlant/gradientDescen
t/avgSummaryGraphs/LearningRatevsminTrainingError/AllPointsLearningRatevsminTra
iningError.png>
Package pdftex.def Info: /mnt/nfs/Austin/comp520-linearRegression/results/power
Plant/gradientDescent/avgSummaryGraphs/LearningRatevsminTrainingError/AllPoints
LearningRatevsminTrainingError.png used on input line 135.
(pdftex.def)             Requested size: 361.34912pt x 245.2356pt.

</mnt/nfs/Austin/comp520-linearRegression/results/powerPlant/gradientDescent/av
gSummaryGraphs/LearningRatevsminTrainingError/UniquePointsLearningRatevsminTrai
ningError.png, id=46, 361.35pt x 245.2362pt>
File: /mnt/nfs/Austin/comp520-linearRegression/results/powerPlant/gradientDesce
nt/avgSummaryGraphs/LearningRatevsminTrainingError/UniquePointsLearningRatevsmi
nTrainingError.png Graphic file (type png)

<use /mnt/nfs/Austin/comp520-linearRegression/results/powerPlant/gradientDescen
t/avgSummaryGraphs/LearningRatevsminTrainingError/UniquePointsLearningRatevsmin
TrainingError.png>
Package pdftex.def Info: /mnt/nfs/Austin/comp520-linearRegression/results/power
Plant/gradientDescent/avgSummaryGraphs/LearningRatevsminTrainingError/UniquePoi
ntsLearningRatevsminTrainingError.png used on input line 138.
(pdftex.def)             Requested size: 361.34912pt x 245.2356pt.

</mnt/nfs/Austin/comp520-linearRegression/results/powerPlant/gradientDescent/av
gSummaryGraphs/LearningRatevsminValidationError/AllPointsLearningRatevsminValid
ationError.png, id=47, 361.35pt x 245.2362pt>
File: /mnt/nfs/Austin/comp520-linearRegression/results/powerPlant/gradientDesce
nt/avgSummaryGraphs/LearningRatevsminValidationError/AllPointsLearningRatevsmin
ValidationError.png Graphic file (type png)

<use /mnt/nfs/Austin/comp520-linearRegression/results/powerPlant/gradientDescen
t/avgSummaryGraphs/LearningRatevsminValidationError/AllPointsLearningRatevsminV
alidationError.png>
Package pdftex.def Info: /mnt/nfs/Austin/comp520-linearRegression/results/power
Plant/gradientDescent/avgSummaryGraphs/LearningRatevsminValidationError/AllPoin
tsLearningRatevsminValidationError.png used on input line 141.
(pdftex.def)             Requested size: 361.34912pt x 245.2356pt.

</mnt/nfs/Austin/comp520-linearRegression/results/powerPlant/gradientDescent/av
gSummaryGraphs/LearningRatevsminValidationError/UniquePointsLearningRatevsminVa
lidationError.png, id=48, 361.35pt x 245.2362pt>
File: /mnt/nfs/Austin/comp520-linearRegression/results/powerPlant/gradientDesce
nt/avgSummaryGraphs/LearningRatevsminValidationError/UniquePointsLearningRatevs
minValidationError.png Graphic file (type png)

<use /mnt/nfs/Austin/comp520-linearRegression/results/powerPlant/gradientDescen
t/avgSummaryGraphs/LearningRatevsminValidationError/UniquePointsLearningRatevsm
inValidationError.png>
Package pdftex.def Info: /mnt/nfs/Austin/comp520-linearRegression/results/power
Plant/gradientDescent/avgSummaryGraphs/LearningRatevsminValidationError/UniqueP
ointsLearningRatevsminValidationError.png used on input line 144.
(pdftex.def)             Requested size: 361.34912pt x 245.2356pt.

</mnt/nfs/Austin/comp520-linearRegression/results/powerPlant/gradientDescent/av
gSummaryGraphs/LearningRatevsminTestError/AllPointsLearningRatevsminTestError.p
ng, id=49, 361.35pt x 245.2362pt>
File: /mnt/nfs/Austin/comp520-linearRegression/results/powerPlant/gradientDesce
nt/avgSummaryGraphs/LearningRatevsminTestError/AllPointsLearningRatevsminTestEr
ror.png Graphic file (type png)

<use /mnt/nfs/Austin/comp520-linearRegression/results/powerPlant/gradientDescen
t/avgSummaryGraphs/LearningRatevsminTestError/AllPointsLearningRatevsminTestErr
or.png>
Package pdftex.def Info: /mnt/nfs/Austin/comp520-linearRegression/results/power
Plant/gradientDescent/avgSummaryGraphs/LearningRatevsminTestError/AllPointsLear
ningRatevsminTestError.png used on input line 147.
(pdftex.def)             Requested size: 361.34912pt x 245.2356pt.

</mnt/nfs/Austin/comp520-linearRegression/results/powerPlant/gradientDescent/av
gSummaryGraphs/LearningRatevsminTestError/UniquePointsLearningRatevsminTestErro
r.png, id=50, 361.35pt x 245.2362pt>
File: /mnt/nfs/Austin/comp520-linearRegression/results/powerPlant/gradientDesce
nt/avgSummaryGraphs/LearningRatevsminTestError/UniquePointsLearningRatevsminTes
tError.png Graphic file (type png)

<use /mnt/nfs/Austin/comp520-linearRegression/results/powerPlant/gradientDescen
t/avgSummaryGraphs/LearningRatevsminTestError/UniquePointsLearningRatevsminTest
Error.png>
Package pdftex.def Info: /mnt/nfs/Austin/comp520-linearRegression/results/power
Plant/gradientDescent/avgSummaryGraphs/LearningRatevsminTestError/UniquePointsL
earningRatevsminTestError.png used on input line 150.
(pdftex.def)             Requested size: 361.34912pt x 245.2356pt.

</mnt/nfs/Austin/comp520-linearRegression/results/powerPlant/gradientDescent/av
gSummaryGraphs/LearningRatevsValidationStopTrainingError/AllPointsLearningRatev
sValidationStopTrainingError.png, id=51, 361.35pt x 245.2362pt>
File: /mnt/nfs/Austin/comp520-linearRegression/results/powerPlant/gradientDesce
nt/avgSummaryGraphs/LearningRatevsValidationStopTrainingError/AllPointsLearning
RatevsValidationStopTrainingError.png Graphic file (type png)

<use /mnt/nfs/Austin/comp520-linearRegression/results/powerPlant/gradientDescen
t/avgSummaryGraphs/LearningRatevsValidationStopTrainingError/AllPointsLearningR
atevsValidationStopTrainingError.png>
Package pdftex.def Info: /mnt/nfs/Austin/comp520-linearRegression/results/power
Plant/gradientDescent/avgSummaryGraphs/LearningRatevsValidationStopTrainingErro
r/AllPointsLearningRatevsValidationStopTrainingError.png used on input line 153
.
(pdftex.def)             Requested size: 361.34912pt x 245.2356pt.

</mnt/nfs/Austin/comp520-linearRegression/results/powerPlant/gradientDescent/av
gSummaryGraphs/LearningRatevsValidationStopTrainingError/UniquePointsLearningRa
tevsValidationStopTrainingError.png, id=52, 361.35pt x 245.2362pt>
File: /mnt/nfs/Austin/comp520-linearRegression/results/powerPlant/gradientDesce
nt/avgSummaryGraphs/LearningRatevsValidationStopTrainingError/UniquePointsLearn
ingRatevsValidationStopTrainingError.png Graphic file (type png)

<use /mnt/nfs/Austin/comp520-linearRegression/results/powerPlant/gradientDescen
t/avgSummaryGraphs/LearningRatevsValidationStopTrainingError/UniquePointsLearni
ngRatevsValidationStopTrainingError.png>
Package pdftex.def Info: /mnt/nfs/Austin/comp520-linearRegression/results/power
Plant/gradientDescent/avgSummaryGraphs/LearningRatevsValidationStopTrainingErro
r/UniquePointsLearningRatevsValidationStopTrainingError.png used on input line 
156.
(pdftex.def)             Requested size: 361.34912pt x 245.2356pt.

</mnt/nfs/Austin/comp520-linearRegression/results/powerPlant/gradientDescent/av
gSummaryGraphs/LearningRatevsValidationStopValidationError/AllPointsLearningRat
evsValidationStopValidationError.png, id=53, 361.35pt x 245.2362pt>
File: /mnt/nfs/Austin/comp520-linearRegression/results/powerPlant/gradientDesce
nt/avgSummaryGraphs/LearningRatevsValidationStopValidationError/AllPointsLearni
ngRatevsValidationStopValidationError.png Graphic file (type png)

<use /mnt/nfs/Austin/comp520-linearRegression/results/powerPlant/gradientDescen
t/avgSummaryGraphs/LearningRatevsValidationStopValidationError/AllPointsLearnin
gRatevsValidationStopValidationError.png>
Package pdftex.def Info: /mnt/nfs/Austin/comp520-linearRegression/results/power
Plant/gradientDescent/avgSummaryGraphs/LearningRatevsValidationStopValidationEr
ror/AllPointsLearningRatevsValidationStopValidationError.png used on input line
 159.
(pdftex.def)             Requested size: 361.34912pt x 245.2356pt.

</mnt/nfs/Austin/comp520-linearRegression/results/powerPlant/gradientDescent/av
gSummaryGraphs/LearningRatevsValidationStopValidationError/UniquePointsLearning
RatevsValidationStopValidationError.png, id=54, 361.35pt x 245.2362pt>
File: /mnt/nfs/Austin/comp520-linearRegression/results/powerPlant/gradientDesce
nt/avgSummaryGraphs/LearningRatevsValidationStopValidationError/UniquePointsLea
rningRatevsValidationStopValidationError.png Graphic file (type png)

<use /mnt/nfs/Austin/comp520-linearRegression/results/powerPlant/gradientDescen
t/avgSummaryGraphs/LearningRatevsValidationStopValidationError/UniquePointsLear
ningRatevsValidationStopValidationError.png>
Package pdftex.def Info: /mnt/nfs/Austin/comp520-linearRegression/results/power
Plant/gradientDescent/avgSummaryGraphs/LearningRatevsValidationStopValidationEr
ror/UniquePointsLearningRatevsValidationStopValidationError.png used on input l
ine 162.
(pdftex.def)             Requested size: 361.34912pt x 245.2356pt.

</mnt/nfs/Austin/comp520-linearRegression/results/powerPlant/gradientDescent/av
gSummaryGraphs/LearningRatevsValidationStopTestError/AllPointsLearningRatevsVal
idationStopTestError.png, id=55, 361.35pt x 245.2362pt>
File: /mnt/nfs/Austin/comp520-linearRegression/results/powerPlant/gradientDesce
nt/avgSummaryGraphs/LearningRatevsValidationStopTestError/AllPointsLearningRate
vsValidationStopTestError.png Graphic file (type png)

<use /mnt/nfs/Austin/comp520-linearRegression/results/powerPlant/gradientDescen
t/avgSummaryGraphs/LearningRatevsValidationStopTestError/AllPointsLearningRatev
sValidationStopTestError.png>
Package pdftex.def Info: /mnt/nfs/Austin/comp520-linearRegression/results/power
Plant/gradientDescent/avgSummaryGraphs/LearningRatevsValidationStopTestError/Al
lPointsLearningRatevsValidationStopTestError.png used on input line 165.
(pdftex.def)             Requested size: 361.34912pt x 245.2356pt.

</mnt/nfs/Austin/comp520-linearRegression/results/powerPlant/gradientDescent/av
gSummaryGraphs/LearningRatevsValidationStopTestError/UniquePointsLearningRatevs
ValidationStopTestError.png, id=56, 361.35pt x 245.2362pt>
File: /mnt/nfs/Austin/comp520-linearRegression/results/powerPlant/gradientDesce
nt/avgSummaryGraphs/LearningRatevsValidationStopTestError/UniquePointsLearningR
atevsValidationStopTestError.png Graphic file (type png)

<use /mnt/nfs/Austin/comp520-linearRegression/results/powerPlant/gradientDescen
t/avgSummaryGraphs/LearningRatevsValidationStopTestError/UniquePointsLearningRa
tevsValidationStopTestError.png>
Package pdftex.def Info: /mnt/nfs/Austin/comp520-linearRegression/results/power
Plant/gradientDescent/avgSummaryGraphs/LearningRatevsValidationStopTestError/Un
iquePointsLearningRatevsValidationStopTestError.png used on input line 168.
(pdftex.def)             Requested size: 361.34912pt x 245.2356pt.

</mnt/nfs/Austin/comp520-linearRegression/results/powerPlant/gradientDescent/av
gSummaryGraphs/LearningRatevsGradientStoppingIteration/AllPointsLearningRatevsG
radientStoppingIteration.png, id=57, 361.35pt x 234.1548pt>
File: /mnt/nfs/Austin/comp520-linearRegression/results/powerPlant/gradientDesce
nt/avgSummaryGraphs/LearningRatevsGradientStoppingIteration/AllPointsLearningRa
tevsGradientStoppingIteration.png Graphic file (type png)

<use /mnt/nfs/Austin/comp520-linearRegression/results/powerPlant/gradientDescen
t/avgSummaryGraphs/LearningRatevsGradientStoppingIteration/AllPointsLearningRat
evsGradientStoppingIteration.png>
Package pdftex.def Info: /mnt/nfs/Austin/comp520-linearRegression/results/power
Plant/gradientDescent/avgSummaryGraphs/LearningRatevsGradientStoppingIteration/
AllPointsLearningRatevsGradientStoppingIteration.png used on input line 171.
(pdftex.def)             Requested size: 361.34912pt x 234.15422pt.

</mnt/nfs/Austin/comp520-linearRegression/results/powerPlant/gradientDescent/av
gSummaryGraphs/LearningRatevsGradientStoppingIteration/UniquePointsLearningRate
vsGradientStoppingIteration.png, id=58, 361.35pt x 234.1548pt>
File: /mnt/nfs/Austin/comp520-linearRegression/results/powerPlant/gradientDesce
nt/avgSummaryGraphs/LearningRatevsGradientStoppingIteration/UniquePointsLearnin
gRatevsGradientStoppingIteration.png Graphic file (type png)

<use /mnt/nfs/Austin/comp520-linearRegression/results/powerPlant/gradientDescen
t/avgSummaryGraphs/LearningRatevsGradientStoppingIteration/UniquePointsLearning
RatevsGradientStoppingIteration.png>
Package pdftex.def Info: /mnt/nfs/Austin/comp520-linearRegression/results/power
Plant/gradientDescent/avgSummaryGraphs/LearningRatevsGradientStoppingIteration/
UniquePointsLearningRatevsGradientStoppingIteration.png used on input line 174.

(pdftex.def)             Requested size: 361.34912pt x 234.15422pt.

</mnt/nfs/Austin/comp520-linearRegression/results/powerPlant/gradientDescent/av
gSummaryGraphs/LearningRatevsValidationStoppingIteration/AllPointsLearningRatev
sValidationStoppingIteration.png, id=59, 361.35pt x 234.1548pt>
File: /mnt/nfs/Austin/comp520-linearRegression/results/powerPlant/gradientDesce
nt/avgSummaryGraphs/LearningRatevsValidationStoppingIteration/AllPointsLearning
RatevsValidationStoppingIteration.png Graphic file (type png)

<use /mnt/nfs/Austin/comp520-linearRegression/results/powerPlant/gradientDescen
t/avgSummaryGraphs/LearningRatevsValidationStoppingIteration/AllPointsLearningR
atevsValidationStoppingIteration.png>
Package pdftex.def Info: /mnt/nfs/Austin/comp520-linearRegression/results/power
Plant/gradientDescent/avgSummaryGraphs/LearningRatevsValidationStoppingIteratio
n/AllPointsLearningRatevsValidationStoppingIteration.png used on input line 177
.
(pdftex.def)             Requested size: 361.34912pt x 234.15422pt.

</mnt/nfs/Austin/comp520-linearRegression/results/powerPlant/gradientDescent/av
gSummaryGraphs/LearningRatevsValidationStoppingIteration/UniquePointsLearningRa
tevsValidationStoppingIteration.png, id=60, 361.35pt x 234.1548pt>
File: /mnt/nfs/Austin/comp520-linearRegression/results/powerPlant/gradientDesce
nt/avgSummaryGraphs/LearningRatevsValidationStoppingIteration/UniquePointsLearn
ingRatevsValidationStoppingIteration.png Graphic file (type png)

<use /mnt/nfs/Austin/comp520-linearRegression/results/powerPlant/gradientDescen
t/avgSummaryGraphs/LearningRatevsValidationStoppingIteration/UniquePointsLearni
ngRatevsValidationStoppingIteration.png>
Package pdftex.def Info: /mnt/nfs/Austin/comp520-linearRegression/results/power
Plant/gradientDescent/avgSummaryGraphs/LearningRatevsValidationStoppingIteratio
n/UniquePointsLearningRatevsValidationStoppingIteration.png used on input line 
180.
(pdftex.def)             Requested size: 361.34912pt x 234.15422pt.

</mnt/nfs/Austin/comp520-linearRegression/results/powerPlant/gradientDescent/av
gSummaryGraphs/LearningRatevsTrainingStoppingIteration/AllPointsLearningRatevsT
rainingStoppingIteration.png, id=61, 361.35pt x 234.1548pt>
File: /mnt/nfs/Austin/comp520-linearRegression/results/powerPlant/gradientDesce
nt/avgSummaryGraphs/LearningRatevsTrainingStoppingIteration/AllPointsLearningRa
tevsTrainingStoppingIteration.png Graphic file (type png)

<use /mnt/nfs/Austin/comp520-linearRegression/results/powerPlant/gradientDescen
t/avgSummaryGraphs/LearningRatevsTrainingStoppingIteration/AllPointsLearningRat
evsTrainingStoppingIteration.png>
Package pdftex.def Info: /mnt/nfs/Austin/comp520-linearRegression/results/power
Plant/gradientDescent/avgSummaryGraphs/LearningRatevsTrainingStoppingIteration/
AllPointsLearningRatevsTrainingStoppingIteration.png used on input line 183.
(pdftex.def)             Requested size: 361.34912pt x 234.15422pt.

</mnt/nfs/Austin/comp520-linearRegression/results/powerPlant/gradientDescent/av
gSummaryGraphs/LearningRatevsTrainingStoppingIteration/UniquePointsLearningRate
vsTrainingStoppingIteration.png, id=62, 361.35pt x 234.1548pt>
File: /mnt/nfs/Austin/comp520-linearRegression/results/powerPlant/gradientDesce
nt/avgSummaryGraphs/LearningRatevsTrainingStoppingIteration/UniquePointsLearnin
gRatevsTrainingStoppingIteration.png Graphic file (type png)

<use /mnt/nfs/Austin/comp520-linearRegression/results/powerPlant/gradientDescen
t/avgSummaryGraphs/LearningRatevsTrainingStoppingIteration/UniquePointsLearning
RatevsTrainingStoppingIteration.png>
Package pdftex.def Info: /mnt/nfs/Austin/comp520-linearRegression/results/power
Plant/gradientDescent/avgSummaryGraphs/LearningRatevsTrainingStoppingIteration/
UniquePointsLearningRatevsTrainingStoppingIteration.png used on input line 186.

(pdftex.def)             Requested size: 361.34912pt x 234.15422pt.


LaTeX Warning: Float too large for page by 997.50273pt on input line 189.

)

LaTeX Warning: Citation `2012ridgeway' on page 1 undefined on input line 38.

[1


{/var/lib/texmf/fonts/map/pdftex/updmap/pdftex.map} </mnt/nfs/Austin/comp520-li
nearRegression/results/powerPlant/gradientDescent/errorCurveLegend.png (PNG cop
y)> </mnt/nfs/Austin/comp520-linearRegression/results/powerPlant/gradientDescen
t/gradientMagnitudeLegend.png (PNG copy)> </mnt/nfs/Austin/comp520-linearRegres
sion/results/powerPlant/gradientDescentLearningCurve/learningCurveLegend.png (P
NG copy)> </mnt/nfs/Austin/comp520-linearRegression/results/powerPlant/gradient
Descent/runDataSummaryGraphLegend.png (PNG copy)>]
Underfull \vbox (badness 10000) has occurred while \output is active []

 [2 </mnt/nfs/Austin/comp520-linearRegression/results/powerPlant/gradientDescen
t/Averages/StandardValidation/Original/0.000100LR/5.000000Lambda/5740TrainingEx
amples/ErrorCurves/allPlots.png (PNG copy)> </mnt/nfs/Austin/comp520-linearRegr
ession/results/powerPlant/gradientDescent/Averages/StandardValidation/Original/
0.000100LR/5.000000Lambda/5740TrainingExamples/ErrorCurves/gradientPlot.png (PN
G copy)> </mnt/nfs/Austin/comp520-linearRegression/results/powerPlant/gradientD
escent/Averages/StandardValidation/AdaptedLR/0.010000LR/1.000000Lambda/5740Trai
ningExamples/ErrorCurves/allPlots.png (PNG copy)> </mnt/nfs/Austin/comp520-line
arRegression/results/powerPlant/gradientDescent/Averages/StandardValidation/Ada
ptedLR/0.010000LR/1.000000Lambda/5740TrainingExamples/ErrorCurves/gradientPlot.
png (PNG copy)> </mnt/nfs/Austin/comp520-linearRegression/results/powerPlant/gr
adientDescent/Averages/StandardValidation/GradientMag/0.500000LR/0.050000Lambda
/5740TrainingExamples/ErrorCurves/allPlots.png (PNG copy)> </mnt/nfs/Austin/com
p520-linearRegression/results/powerPlant/gradientDescent/Averages/StandardValid
ation/GradientMag/0.500000LR/0.050000Lambda/5740TrainingExamples/ErrorCurves/gr
adientPlot.png (PNG copy)>] [3 </mnt/nfs/Austin/comp520-linearRegression/result
s/powerPlant/gradientDescent/avgSummaryGraphs/ValidationStopValidationErrorvsVa
lidationStopTrainingError/AllPointsValidationStopValidationErrorvsValidationSto
pTrainingError.png (PNG copy)> </mnt/nfs/Austin/comp520-linearRegression/result
s/powerPlant/gradientDescent/avgSummaryGraphs/ValidationStopValidationErrorvsVa
lidationStopTestError/AllPointsValidationStopValidationErrorvsValidationStopTes
tError.png (PNG copy)>]

LaTeX Warning: Citation `powerPlantDataset' on page 4 undefined on input line 5
7.


LaTeX Warning: Citation `airFoilDataset' on page 4 undefined on input line 59.


LaTeX Warning: Citation `bikeSharingDataset' on page 4 undefined on input line 
59.


LaTeX Warning: Citation `powerPlantDataset' on page 4 undefined on input line 5
9.

[4]
No file paper.bbl.
Package atveryend Info: Empty hook `BeforeClearDocument' on input line 79.
[5] [6 </mnt/nfs/Austin/comp520-linearRegression/results/powerPlant/gradientDes
cent/avgSummaryGraphs/LambdavsTimeInSeconds/AllPointsLambdavsTimeInSeconds.png 
(PNG copy)> </mnt/nfs/Austin/comp520-linearRegression/results/powerPlant/gradie
ntDescent/avgSummaryGraphs/LambdavsTimeInSeconds/UniquePointsLambdavsTimeInSeco
nds.png (PNG copy)> </mnt/nfs/Austin/comp520-linearRegression/results/powerPlan
t/gradientDescent/avgSummaryGraphs/LambdavsminTrainingError/AllPointsLambdavsmi
nTrainingError.png (PNG copy)> </mnt/nfs/Austin/comp520-linearRegression/result
s/powerPlant/gradientDescent/avgSummaryGraphs/LambdavsminTrainingError/UniquePo
intsLambdavsminTrainingError.png (PNG copy)> </mnt/nfs/Austin/comp520-linearReg
ression/results/powerPlant/gradientDescent/avgSummaryGraphs/LambdavsminValidati
onError/AllPointsLambdavsminValidationError.png (PNG copy)> </mnt/nfs/Austin/co
mp520-linearRegression/results/powerPlant/gradientDescent/avgSummaryGraphs/Lamb
davsminValidationError/UniquePointsLambdavsminValidationError.png (PNG copy)> <
/mnt/nfs/Austin/comp520-linearRegression/results/powerPlant/gradientDescent/avg
SummaryGraphs/LambdavsminTestError/AllPointsLambdavsminTestError.png (PNG copy)
> </mnt/nfs/Austin/comp520-linearRegression/results/powerPlant/gradientDescent/
avgSummaryGraphs/LambdavsminTestError/UniquePointsLambdavsminTestError.png (PNG
 copy)> </mnt/nfs/Austin/comp520-linearRegression/results/powerPlant/gradientDe
scent/avgSummaryGraphs/LambdavsValidationStopTrainingError/AllPointsLambdavsVal
idationStopTrainingError.png (PNG copy)> </mnt/nfs/Austin/comp520-linearRegress
ion/results/powerPlant/gradientDescent/avgSummaryGraphs/LambdavsValidationStopT
rainingError/UniquePointsLambdavsValidationStopTrainingError.png (PNG copy)> </
mnt/nfs/Austin/comp520-linearRegression/results/powerPlant/gradientDescent/avgS
ummaryGraphs/LambdavsValidationStopValidationError/AllPointsLambdavsValidationS
topValidationError.png (PNG copy)> </mnt/nfs/Austin/comp520-linearRegression/re
sults/powerPlant/gradientDescent/avgSummaryGraphs/LambdavsValidationStopValidat
ionError/UniquePointsLambdavsValidationStopValidationError.png (PNG copy)> </mn
t/nfs/Austin/comp520-linearRegression/results/powerPlant/gradientDescent/avgSum
maryGraphs/LambdavsValidationStopTestError/AllPointsLambdavsValidationStopTestE
rror.png (PNG copy)> </mnt/nfs/Austin/comp520-linearRegression/results/powerPla
nt/gradientDescent/avgSummaryGraphs/LambdavsValidationStopTestError/UniquePoint
sLambdavsValidationStopTestError.png (PNG copy)> </mnt/nfs/Austin/comp520-linea
rRegression/results/powerPlant/gradientDescent/avgSummaryGraphs/LambdavsGradien
tStoppingIteration/AllPointsLambdavsGradientStoppingIteration.png (PNG copy)> <
/mnt/nfs/Austin/comp520-linearRegression/results/powerPlant/gradientDescent/avg
SummaryGraphs/LambdavsGradientStoppingIteration/UniquePointsLambdavsGradientSto
ppingIteration.png (PNG copy)> </mnt/nfs/Austin/comp520-linearRegression/result
s/powerPlant/gradientDescent/avgSummaryGraphs/LambdavsValidationStoppingIterati
on/AllPointsLambdavsValidationStoppingIteration.png (PNG copy)> </mnt/nfs/Austi
n/comp520-linearRegression/results/powerPlant/gradientDescent/avgSummaryGraphs/
LambdavsValidationStoppingIteration/UniquePointsLambdavsValidationStoppingItera
tion.png (PNG copy)> </mnt/nfs/Austin/comp520-linearRegression/results/powerPla
nt/gradientDescent/avgSummaryGraphs/LambdavsTrainingStoppingIteration/AllPoints
LambdavsTrainingStoppingIteration.png (PNG copy)> </mnt/nfs/Austin/comp520-line
arRegression/results/powerPlant/gradientDescent/avgSummaryGraphs/LambdavsTraini
ngStoppingIteration/UniquePointsLambdavsTrainingStoppingIteration.png (PNG copy
)>] [7 </mnt/nfs/Austin/comp520-linearRegression/results/powerPlant/gradientDes
cent/avgSummaryGraphs/LearningRatevsTimeInSeconds/AllPointsLearningRatevsTimeIn
Seconds.png (PNG copy)> </mnt/nfs/Austin/comp520-linearRegression/results/power
Plant/gradientDescent/avgSummaryGraphs/LearningRatevsTimeInSeconds/UniquePoints
LearningRatevsTimeInSeconds.png (PNG copy)> </mnt/nfs/Austin/comp520-linearRegr
ession/results/powerPlant/gradientDescent/avgSummaryGraphs/LearningRatevsminTra
iningError/AllPointsLearningRatevsminTrainingError.png (PNG copy)> </mnt/nfs/Au
stin/comp520-linearRegression/results/powerPlant/gradientDescent/avgSummaryGrap
hs/LearningRatevsminTrainingError/UniquePointsLearningRatevsminTrainingError.pn
g (PNG copy)> </mnt/nfs/Austin/comp520-linearRegression/results/powerPlant/grad
ientDescent/avgSummaryGraphs/LearningRatevsminValidationError/AllPointsLearning
RatevsminValidationError.png (PNG copy)> </mnt/nfs/Austin/comp520-linearRegress
ion/results/powerPlant/gradientDescent/avgSummaryGraphs/LearningRatevsminValida
tionError/UniquePointsLearningRatevsminValidationError.png (PNG copy)> </mnt/nf
s/Austin/comp520-linearRegression/results/powerPlant/gradientDescent/avgSummary
Graphs/LearningRatevsminTestError/AllPointsLearningRatevsminTestError.png (PNG 
copy)> </mnt/nfs/Austin/comp520-linearRegression/results/powerPlant/gradientDes
cent/avgSummaryGraphs/LearningRatevsminTestError/UniquePointsLearningRatevsminT
estError.png (PNG copy)> </mnt/nfs/Austin/comp520-linearRegression/results/powe
rPlant/gradientDescent/avgSummaryGraphs/LearningRatevsValidationStopTrainingErr
or/AllPointsLearningRatevsValidationStopTrainingError.png (PNG copy)> </mnt/nfs
/Austin/comp520-linearRegression/results/powerPlant/gradientDescent/avgSummaryG
raphs/LearningRatevsValidationStopTrainingError/UniquePointsLearningRatevsValid
ationStopTrainingError.png (PNG copy)> </mnt/nfs/Austin/comp520-linearRegressio
n/results/powerPlant/gradientDescent/avgSummaryGraphs/LearningRatevsValidationS
topValidationError/AllPointsLearningRatevsValidationStopValidationError.png (PN
G copy)> </mnt/nfs/Austin/comp520-linearRegression/results/powerPlant/gradientD
escent/avgSummaryGraphs/LearningRatevsValidationStopValidationError/UniquePoint
sLearningRatevsValidationStopValidationError.png (PNG copy)> </mnt/nfs/Austin/c
omp520-linearRegression/results/powerPlant/gradientDescent/avgSummaryGraphs/Lea
rningRatevsValidationStopTestError/AllPointsLearningRatevsValidationStopTestErr
or.png (PNG copy)> </mnt/nfs/Austin/comp520-linearRegression/results/powerPlant
/gradientDescent/avgSummaryGraphs/LearningRatevsValidationStopTestError/UniqueP
ointsLearningRatevsValidationStopTestError.png (PNG copy)> </mnt/nfs/Austin/com
p520-linearRegression/results/powerPlant/gradientDescent/avgSummaryGraphs/Learn
ingRatevsGradientStoppingIteration/AllPointsLearningRatevsGradientStoppingItera
tion.png (PNG copy)> </mnt/nfs/Austin/comp520-linearRegression/results/powerPla
nt/gradientDescent/avgSummaryGraphs/LearningRatevsGradientStoppingIteration/Uni
quePointsLearningRatevsGradientStoppingIteration.png (PNG copy)> </mnt/nfs/Aust
in/comp520-linearRegression/results/powerPlant/gradientDescent/avgSummaryGraphs
/LearningRatevsValidationStoppingIteration/AllPointsLearningRatevsValidationSto
ppingIteration.png (PNG copy)> </mnt/nfs/Austin/comp520-linearRegression/result
s/powerPlant/gradientDescent/avgSummaryGraphs/LearningRatevsValidationStoppingI
teration/UniquePointsLearningRatevsValidationStoppingIteration.png (PNG copy)> 
</mnt/nfs/Austin/comp520-linearRegression/results/powerPlant/gradientDescent/av
gSummaryGraphs/LearningRatevsTrainingStoppingIteration/AllPointsLearningRatevsT
rainingStoppingIteration.png (PNG copy)> </mnt/nfs/Austin/comp520-linearRegress
ion/results/powerPlant/gradientDescent/avgSummaryGraphs/LearningRatevsTrainingS
toppingIteration/UniquePointsLearningRatevsTrainingStoppingIteration.png (PNG c
opy)>]
Package atveryend Info: Empty hook `AfterLastShipout' on input line 79.
 (./paper.aux)
Package atveryend Info: Executing hook `AtVeryEndDocument' on input line 79.
Package atveryend Info: Executing hook `AtEndAfterFileList' on input line 79.
Package rerunfilecheck Info: File `paper.out' has not changed.
(rerunfilecheck)             Checksum: D78DD33D033F57351A352DD685099F6C;162.


LaTeX Warning: There were undefined references.

Package atveryend Info: Empty hook `AtVeryVeryEnd' on input line 79.
 ) 
Here is how much of TeX's memory you used:
 9461 strings out of 493304
 177434 string characters out of 6139871
 344505 words of memory out of 5000000
 12710 multiletter control sequences out of 15000+600000
 7323 words of font info for 29 fonts, out of 8000000 for 9000
 957 hyphenation exceptions out of 8191
 36i,7n,38p,1350b,334s stack positions out of 5000i,500n,10000p,200000b,80000s
</usr/share/texlive/texmf-dist/fonts/type1/public/amsfonts/cm/cmbx10.pfb></us
r/share/texlive/texmf-dist/fonts/type1/public/amsfonts/cm/cmbx12.pfb></usr/shar
e/texlive/texmf-dist/fonts/type1/public/amsfonts/cm/cmmi10.pfb></usr/share/texl
ive/texmf-dist/fonts/type1/public/amsfonts/cm/cmmi7.pfb></usr/share/texlive/tex
mf-dist/fonts/type1/public/amsfonts/cm/cmr10.pfb></usr/share/texlive/texmf-dist
/fonts/type1/public/amsfonts/cm/cmr9.pfb></usr/share/texlive/texmf-dist/fonts/t
ype1/public/amsfonts/cm/cmsy10.pfb></usr/share/texlive/texmf-dist/fonts/type1/p
ublic/amsfonts/cm/cmtt9.pfb>
Output written on paper.pdf (7 pages, 3789360 bytes).
PDF statistics:
 145 PDF objects out of 1000 (max. 8388607)
 75 compressed objects within 1 object stream
 18 named destinations out of 1000 (max. 500000)
 277 words of extra memory for PDF output out of 10000 (max. 10000000)

